<?xml version="1.0" encoding="UTF-8"?>
<!-- Generated by org.testng.reporters.JUnitReportReporter -->
<testsuite hostname="iMac.home" name="com.selenium.testng.web.LoginTest" tests="5" failures="0" timestamp="27 Mar 2016 00:05:40 GMT" time="10.470" errors="0">
  <testcase name="loginCorrect" time="3.562" classname="com.selenium.testng.web.LoginTest"/>
  <testcase name="loginInCorrect" time="1.889" classname="com.selenium.testng.web.LoginTest"/>
  <testcase name="loginInCorrect" time="1.834" classname="com.selenium.testng.web.LoginTest"/>
  <testcase name="loginInCorrect" time="1.641" classname="com.selenium.testng.web.LoginTest"/>
  <testcase name="loginInCorrect" time="1.544" classname="com.selenium.testng.web.LoginTest"/>
</testsuite> <!-- com.selenium.testng.web.LoginTest -->
